<?xml version="1.0" encoding="UTF-8"?>
<coverage generated="1740517101202" clover="3.2.0">
  <project timestamp="1740517101202" name="All files">
    <metrics statements="10" coveredstatements="10" conditionals="10" coveredconditionals="9" methods="6" coveredmethods="6" elements="26" coveredelements="25" complexity="0" loc="10" ncloc="10" packages="1" files="1" classes="1"/>
    <file name="contactsManager.js" path="D:\Pam\School\Block_4\Test_and_Livraison_Continue\Contact_Management\lib\contactsManager.js">
      <metrics statements="10" coveredstatements="10" conditionals="10" coveredconditionals="9" methods="6" coveredmethods="6"/>
      <line num="4" count="1" type="stmt"/>
      <line num="8" count="1" type="stmt"/>
      <line num="13" count="1" type="cond" truecount="1" falsecount="1"/>
      <line num="18" count="2" type="stmt"/>
      <line num="24" count="3" type="cond" truecount="6" falsecount="0"/>
      <line num="25" count="1" type="stmt"/>
      <line num="28" count="2" type="stmt"/>
      <line num="29" count="2" type="cond" truecount="2" falsecount="0"/>
      <line num="30" count="1" type="stmt"/>
      <line num="32" count="1" type="stmt"/>
    </file>
  </project>
</coverage>
