<?xml version="1.0" encoding="UTF-8"?>
<coverage generated="1740542366923" clover="3.2.0">
  <project timestamp="1740542366923" name="All files">
    <metrics statements="11" coveredstatements="11" conditionals="10" coveredconditionals="9" methods="6" coveredmethods="6" elements="27" coveredelements="26" complexity="0" loc="11" ncloc="11" packages="1" files="1" classes="1"/>
    <file name="contactsManager.js" path="D:\Pam\School\Block_4\Test_and_Livraison_Continue\Contact_Management\lib\contactsManager.js">
      <metrics statements="11" coveredstatements="11" conditionals="10" coveredconditionals="9" methods="6" coveredmethods="6"/>
      <line num="4" count="1" type="stmt"/>
      <line num="8" count="1" type="stmt"/>
      <line num="13" count="1" type="cond" truecount="1" falsecount="1"/>
      <line num="18" count="2" type="stmt"/>
      <line num="23" count="3" type="cond" truecount="6" falsecount="0"/>
      <line num="24" count="1" type="stmt"/>
      <line num="27" count="2" type="stmt"/>
      <line num="28" count="2" type="cond" truecount="2" falsecount="0"/>
      <line num="29" count="1" type="stmt"/>
      <line num="31" count="1" type="stmt"/>
      <line num="34" count="1" type="stmt"/>
    </file>
  </project>
</coverage>
