{"D:\\Pam\\School\\Block_4\\Test_and_Livraison_Continue\\Contact_Management\\lib\\contactsManager.js": {"path":"D:\\Pam\\School\\Block_4\\Test_and_Livraison_Continue\\Contact_Management\\lib\\contactsManager.js","statementMap":{"0":{"start":{"line":4,"column":21},"end":{"line":7,"column":3}},"1":{"start":{"line":8,"column":2},"end":{"line":8,"column":35}},"2":{"start":{"line":13,"column":2},"end":{"line":13,"column":95}},"3":{"start":{"line":13,"column":33},"end":{"line":13,"column":93}},"4":{"start":{"line":18,"column":2},"end":{"line":18,"column":55}},"5":{"start":{"line":18,"column":36},"end":{"line":18,"column":53}},"6":{"start":{"line":23,"column":2},"end":{"line":25,"column":3}},"7":{"start":{"line":24,"column":4},"end":{"line":24,"column":64}},"8":{"start":{"line":27,"column":21},"end":{"line":27,"column":49}},"9":{"start":{"line":28,"column":2},"end":{"line":30,"column":3}},"10":{"start":{"line":29,"column":4},"end":{"line":29,"column":61}},"11":{"start":{"line":31,"column":2},"end":{"line":31,"column":25}},"12":{"start":{"line":34,"column":0},"end":{"line":39,"column":2}}},"fnMap":{"0":{"name":"addContact","decl":{"start":{"line":3,"column":9},"end":{"line":3,"column":19}},"loc":{"start":{"line":3,"column":43},"end":{"line":9,"column":1}},"line":3},"1":{"name":"updateContact","decl":{"start":{"line":12,"column":9},"end":{"line":12,"column":22}},"loc":{"start":{"line":12,"column":50},"end":{"line":14,"column":1}},"line":12},"2":{"name":"(anonymous_2)","decl":{"start":{"line":13,"column":22},"end":{"line":13,"column":23}},"loc":{"start":{"line":13,"column":33},"end":{"line":13,"column":93}},"line":13},"3":{"name":"deleteContact","decl":{"start":{"line":17,"column":9},"end":{"line":17,"column":22}},"loc":{"start":{"line":17,"column":37},"end":{"line":19,"column":1}},"line":17},"4":{"name":"(anonymous_4)","decl":{"start":{"line":18,"column":25},"end":{"line":18,"column":26}},"loc":{"start":{"line":18,"column":36},"end":{"line":18,"column":53}},"line":18},"5":{"name":"validateContact","decl":{"start":{"line":22,"column":9},"end":{"line":22,"column":24}},"loc":{"start":{"line":22,"column":38},"end":{"line":32,"column":1}},"line":22}},"branchMap":{"0":{"loc":{"start":{"line":13,"column":33},"end":{"line":13,"column":93}},"type":"cond-expr","locations":[{"start":{"line":13,"column":53},"end":{"line":13,"column":83}},{"start":{"line":13,"column":86},"end":{"line":13,"column":93}}],"line":13},"1":{"loc":{"start":{"line":23,"column":2},"end":{"line":25,"column":3}},"type":"if","locations":[{"start":{"line":23,"column":2},"end":{"line":25,"column":3}},{"start":{},"end":{}}],"line":23},"2":{"loc":{"start":{"line":23,"column":6},"end":{"line":23,"column":97}},"type":"binary-expr","locations":[{"start":{"line":23,"column":6},"end":{"line":23,"column":27}},{"start":{"line":23,"column":31},"end":{"line":23,"column":53}},{"start":{"line":23,"column":57},"end":{"line":23,"column":75}},{"start":{"line":23,"column":79},"end":{"line":23,"column":97}}],"line":23},"3":{"loc":{"start":{"line":28,"column":2},"end":{"line":30,"column":3}},"type":"if","locations":[{"start":{"line":28,"column":2},"end":{"line":30,"column":3}},{"start":{},"end":{}}],"line":28}},"s":{"0":1,"1":1,"2":1,"3":1,"4":1,"5":2,"6":3,"7":1,"8":2,"9":2,"10":1,"11":1,"12":1},"f":{"0":1,"1":1,"2":1,"3":1,"4":2,"5":3},"b":{"0":[1,0],"1":[1,2],"2":[3,3,2,2],"3":[1,1]},"inputSourceMap":null,"_coverageSchema":"1a1c01bbd47fc00a2c39e90264f33305004495a9","hash":"254b950de1e9b7ab9e2f56bbe7847c2793f0d204"}
}
