{"D:\\Pam\\School\\Block_4\\Test_and_Livraison_Continue\\Contact_Management\\lib\\contactsManager.js": {"path":"D:\\Pam\\School\\Block_4\\Test_and_Livraison_Continue\\Contact_Management\\lib\\contactsManager.js","statementMap":{"0":{"start":{"line":4,"column":23},"end":{"line":7,"column":5}},"1":{"start":{"line":8,"column":4},"end":{"line":8,"column":37}},"2":{"start":{"line":13,"column":4},"end":{"line":13,"column":97}},"3":{"start":{"line":13,"column":35},"end":{"line":13,"column":95}},"4":{"start":{"line":18,"column":4},"end":{"line":18,"column":57}},"5":{"start":{"line":18,"column":38},"end":{"line":18,"column":55}},"6":{"start":{"line":24,"column":4},"end":{"line":26,"column":5}},"7":{"start":{"line":25,"column":6},"end":{"line":25,"column":66}},"8":{"start":{"line":28,"column":23},"end":{"line":28,"column":51}},"9":{"start":{"line":29,"column":4},"end":{"line":31,"column":5}},"10":{"start":{"line":30,"column":6},"end":{"line":30,"column":63}},"11":{"start":{"line":32,"column":4},"end":{"line":32,"column":27}}},"fnMap":{"0":{"name":"addContact","decl":{"start":{"line":1,"column":16},"end":{"line":1,"column":26}},"loc":{"start":{"line":1,"column":50},"end":{"line":9,"column":3}},"line":1},"1":{"name":"updateContact","decl":{"start":{"line":11,"column":18},"end":{"line":11,"column":31}},"loc":{"start":{"line":11,"column":59},"end":{"line":14,"column":3}},"line":11},"2":{"name":"(anonymous_2)","decl":{"start":{"line":13,"column":24},"end":{"line":13,"column":25}},"loc":{"start":{"line":13,"column":35},"end":{"line":13,"column":95}},"line":13},"3":{"name":"deleteContact","decl":{"start":{"line":16,"column":18},"end":{"line":16,"column":31}},"loc":{"start":{"line":16,"column":46},"end":{"line":19,"column":3}},"line":16},"4":{"name":"(anonymous_4)","decl":{"start":{"line":18,"column":27},"end":{"line":18,"column":28}},"loc":{"start":{"line":18,"column":38},"end":{"line":18,"column":55}},"line":18},"5":{"name":"validateContact","decl":{"start":{"line":21,"column":18},"end":{"line":21,"column":33}},"loc":{"start":{"line":21,"column":47},"end":{"line":33,"column":3}},"line":21}},"branchMap":{"0":{"loc":{"start":{"line":13,"column":35},"end":{"line":13,"column":95}},"type":"cond-expr","locations":[{"start":{"line":13,"column":55},"end":{"line":13,"column":85}},{"start":{"line":13,"column":88},"end":{"line":13,"column":95}}],"line":13},"1":{"loc":{"start":{"line":24,"column":4},"end":{"line":26,"column":5}},"type":"if","locations":[{"start":{"line":24,"column":4},"end":{"line":26,"column":5}},{"start":{},"end":{}}],"line":24},"2":{"loc":{"start":{"line":24,"column":8},"end":{"line":24,"column":99}},"type":"binary-expr","locations":[{"start":{"line":24,"column":8},"end":{"line":24,"column":29}},{"start":{"line":24,"column":33},"end":{"line":24,"column":55}},{"start":{"line":24,"column":59},"end":{"line":24,"column":77}},{"start":{"line":24,"column":81},"end":{"line":24,"column":99}}],"line":24},"3":{"loc":{"start":{"line":29,"column":4},"end":{"line":31,"column":5}},"type":"if","locations":[{"start":{"line":29,"column":4},"end":{"line":31,"column":5}},{"start":{},"end":{}}],"line":29}},"s":{"0":1,"1":1,"2":1,"3":1,"4":1,"5":2,"6":3,"7":1,"8":2,"9":2,"10":1,"11":1},"f":{"0":1,"1":1,"2":1,"3":1,"4":2,"5":3},"b":{"0":[1,0],"1":[1,2],"2":[3,3,2,2],"3":[1,1]},"inputSourceMap":null,"_coverageSchema":"1a1c01bbd47fc00a2c39e90264f33305004495a9","hash":"dbcbe2aac8abaea4d987dc4a07e56d1b0b740821"}
}
