TN:
SF:lib\contactsManager.js
FN:1,addContact
FN:11,updateContact
FN:13,(anonymous_2)
FN:16,deleteContact
FN:18,(anonymous_4)
FN:21,validateContact
FNF:6
FNH:6
FNDA:1,addContact
FNDA:1,updateContact
FNDA:1,(anonymous_2)
FNDA:1,deleteContact
FNDA:2,(anonymous_4)
FNDA:3,validateContact
DA:4,1
DA:8,1
DA:13,1
DA:18,2
DA:24,3
DA:25,1
DA:28,2
DA:29,2
DA:30,1
DA:32,1
LF:10
LH:10
BRDA:13,0,0,1
BRDA:13,0,1,0
BRDA:24,1,0,1
BRDA:24,1,1,2
BRDA:24,2,0,3
BRDA:24,2,1,3
BRDA:24,2,2,2
BRDA:24,2,3,2
BRDA:29,3,0,1
BRDA:29,3,1,1
BRF:10
BRH:9
end_of_record
