TN:
SF:lib\contactsManager.js
FN:3,addContact
FN:12,updateContact
FN:13,(anonymous_2)
FN:17,deleteContact
FN:18,(anonymous_4)
FN:22,validateContact
FNF:6
FNH:6
FNDA:1,addContact
FNDA:1,updateContact
FNDA:1,(anonymous_2)
FNDA:1,deleteContact
FNDA:2,(anonymous_4)
FNDA:3,validateContact
DA:4,1
DA:8,1
DA:13,1
DA:18,2
DA:23,3
DA:24,1
DA:27,2
DA:28,2
DA:29,1
DA:31,1
DA:34,1
LF:11
LH:11
BRDA:13,0,0,1
BRDA:13,0,1,0
BRDA:23,1,0,1
BRDA:23,1,1,2
BRDA:23,2,0,3
BRDA:23,2,1,3
BRDA:23,2,2,2
BRDA:23,2,3,2
BRDA:28,3,0,1
BRDA:28,3,1,1
BRF:10
BRH:9
end_of_record
